This is pdfTeX, Version 3.14159265-2.6-1.40.20 (MiKTeX 2.9.7140 64-bit) (preloaded format=latex 2019.9.17)  23 OCT 2019 16:13
entering extended mode
**./beamerthememetropolis.ins
(beamerthememetropolis.ins
LaTeX2e <2018-12-01>
("C:\Program Files\MiKTeX 2.9\tex/latex/base\docstrip.tex"
\blockLevel=\count80
\emptyLines=\count81
\processedLines=\count82
\commentsRemoved=\count83
\commentsPassed=\count84
\codeLinesPassed=\count85
\TotalprocessedLines=\count86
\TotalcommentsRemoved=\count87
\TotalcommentsPassed=\count88
\TotalcodeLinesPassed=\count89
\NumberOfFiles=\count90
\inFile=\read1
\inputcheck=\read2
\off@0=\count91
\off@1=\count92
\off@2=\count93
\off@3=\count94
\off@4=\count95
\off@5=\count96
\off@6=\count97
\off@7=\count98
\off@8=\count99
\off@9=\count100
\off@10=\count101
\off@11=\count102
\off@12=\count103
\off@13=\count104
\off@14=\count105
\off@15=\count106
\@maxfiles=\count107
\@maxoutfiles=\count108

Utility: `docstrip' 2.5g <2018/05/03>
English documentation    <2018/05/03>

**********************************************************
* This program converts documented macro-files into fast *
* loadable files by stripping off (nearly) all comments! *
**********************************************************

********************************************************
* No Configuration file found, using default settings. *
********************************************************

)

Generating file(s) ./beamerthememetropolis.sty 
\openout0 = `./beamerthememetropolis.sty'.


Processing file beamerthememetropolis.dtx (package) -> beamerthememetropolis.st
y
File beamerthememetropolis.dtx ended by \endinput.
Lines  processed: 203
Comments removed: 115
Comments  passed: 0
Codelines passed: 84


Generating file(s) ./beamerinnerthememetropolis.sty 
\openout0 = `./beamerinnerthememetropolis.sty'.


Processing file beamerinnerthememetropolis.dtx (package) -> beamerinnerthememet
ropolis.sty
File beamerinnerthememetropolis.dtx ended by \endinput.
Lines  processed: 588
Comments removed: 319
Comments  passed: 0
Codelines passed: 265


Generating file(s) ./beamerouterthememetropolis.sty 
\openout0 = `./beamerouterthememetropolis.sty'.


Processing file beamerouterthememetropolis.dtx (package) -> beamerouterthememet
ropolis.sty
File beamerouterthememetropolis.dtx ended by \endinput.
Lines  processed: 235
Comments removed: 117
Comments  passed: 0
Codelines passed: 114


Generating file(s) ./beamerfontthememetropolis.sty 
\openout0 = `./beamerfontthememetropolis.sty'.


Processing file beamerfontthememetropolis.dtx (package) -> beamerfontthememetro
polis.sty
File beamerfontthememetropolis.dtx ended by \endinput.
Lines  processed: 437
Comments removed: 141
Comments  passed: 0
Codelines passed: 292


Generating file(s) ./beamercolorthememetropolis.sty 
\openout0 = `./beamercolorthememetropolis.sty'.


Processing file beamercolorthememetropolis.dtx (package) -> beamercolorthememet
ropolis.sty
File beamercolorthememetropolis.dtx ended by \endinput.
Lines  processed: 240
Comments removed: 123
Comments  passed: 0
Codelines passed: 113


Generating file(s) ./beamercolorthememetropolis-highcontrast.sty 
\openout0 = `./beamercolorthememetropolis-highcontrast.sty'.


Processing file beamercolorthememetropolis-highcontrast.dtx (package) -> beamer
colorthememetropolis-highcontrast.sty
File beamercolorthememetropolis-highcontrast.dtx ended by \endinput.
Lines  processed: 47
Comments removed: 25
Comments  passed: 0
Codelines passed: 18


Generating file(s) ./pgfplotsthemetol.sty 
\openout0 = `./pgfplotsthemetol.sty'.


Processing file pgfplotsthemetol.dtx (package) -> pgfplotsthemetol.sty
File pgfplotsthemetol.dtx ended by \endinput.
Lines  processed: 189
Comments removed: 77
Comments  passed: 0
Codelines passed: 102

**************************************************************
*                                                            *
* To finish the installation you have to move the following  *
* files into a directory searched by TeX:                    *
*                                                            *
*     beamerthememetropolis.sty                              *
*     beamerinnerthememetropolis.sty                         *
*     beamerouterthememetropolis.sty                         *
*     beamerfontthememetropolis.sty                          *
*     beamercolorthememetropolis.sty                         *
*     pgfplotsthemetol.sty                                   *
*                                                            *
* To produce the documentation run the file mtheme.dtx       *
* through LaTeX.                                             *
*                                                            *
* Happy TeXing!                                              *
*                                                            *
**************************************************************
Overall statistics:
Files  processed: 7
Lines  processed: 1939
Comments removed: 917
Comments  passed: 0
Codelines passed: 988
 ) 
Here is how much of TeX's memory you used:
 373 strings out of 492896
 5355 string characters out of 3133499
 66001 words of memory out of 3000000
 4377 multiletter control sequences out of 15000+200000
 3640 words of font info for 14 fonts, out of 3000000 for 9000
 1141 hyphenation exceptions out of 8191
 11i,0n,15p,154b,116s stack positions out of 5000i,500n,10000p,200000b,50000s

No pages of output.
